<?xml version="1.0" encoding="UTF-8"?>
<!-- Generated by org.testng.reporters.JUnitXMLReporter -->
<testsuite hostname="DESKTOP-G7980L0" failures="0" tests="2" name="Test" time="0.031" errors="0" timestamp="14 Jan 2022 16:02:49 GMT">
  <testcase classname="Testing.org.TestScripts.Tc1" name="@BeforeClass startBrowser" time="0.0">
    <failure type="org.testng.TestNGException" message="
Method startBrowser requires 1 parameters but 0 were supplied in the @Configuration annotation.">
      <![CDATA[org.testng.TestNGException: 
Method startBrowser requires 1 parameters but 0 were supplied in the @Configuration annotation.
... Removed 22 stack frames]]>
    </failure>
  </testcase> <!-- @BeforeClass startBrowser -->
  <testcase classname="Testing.org.TestScripts.Tc1" name="abc" time="0.0">
    <skipped/>
  </testcase> <!-- abc -->
  <testcase classname="Testing.org.TestScripts.Tc1" name="login" time="0.0">
    <skipped/>
  </testcase> <!-- login -->
</testsuite> <!-- Test -->
